<?xml version="1.0" encoding="utf-8"?><testsuites name="pytest tests"><testsuite name="pytest" errors="0" failures="0" skipped="0" tests="19" time="3.112" timestamp="2026-05-16T09:20:29.797704+00:00" hostname="agent-env-cf8c7d41-00d8-4a90-8cff-735f6969286c"><testcase classname="tests.test_growth_statistik.TestBalitaCreate" name="test_create_balita_initializes_riwayat" time="0.818" /><testcase classname="tests.test_growth_statistik.TestAddPengukuran" name="test_add_pengukuran_success" time="0.057" /><testcase classname="tests.test_growth_statistik.TestAddPengukuran" name="test_add_pengukuran_calculates_usia_bulan" time="0.056" /><testcase classname="tests.test_growth_statistik.TestAddPengukuran" name="test_add_pengukuran_not_owner_returns_404" time="0.394" /><testcase classname="tests.test_growth_statistik.TestGetRiwayat" name="test_get_riwayat_returns_list" time="0.051" /><testcase classname="tests.test_growth_statistik.TestGetRiwayat" name="test_get_riwayat_not_owner_returns_404" time="0.048" /><testcase classname="tests.test_growth_statistik.TestDeletePengukuran" name="test_delete_pengukuran_success" time="0.197" /><testcase classname="tests.test_growth_statistik.TestDeletePengukuran" name="test_delete_pengukuran_invalid_index" time="0.049" /><testcase classname="tests.test_growth_statistik.TestUpdateBalita" name="test_update_balita_recalculates" time="0.052" /><testcase classname="tests.test_growth_statistik.TestUpdateBalita" name="test_update_balita_not_owner_returns_404" time="0.053" /><testcase classname="tests.test_growth_statistik.TestDeleteBalita" name="test_delete_balita_owner" time="0.100" /><testcase classname="tests.test_growth_statistik.TestDeleteBalita" name="test_delete_balita_not_owner_returns_404" time="0.050" /><testcase classname="tests.test_growth_statistik.TestStatistikKelurahan" name="test_statistik_public_no_auth" time="0.047" /><testcase classname="tests.test_growth_statistik.TestStatistikKelurahan" name="test_statistik_includes_created_balita" time="0.056" /><testcase classname="tests.test_growth_statistik.TestStatistikKelurahan" name="test_statistik_sorted_desc_by_total" time="0.048" /><testcase classname="tests.test_growth_statistik.TestRegression" name="test_admin_login" time="0.339" /><testcase classname="tests.test_growth_statistik.TestRegression" name="test_dokter_login" time="0.332" /><testcase classname="tests.test_growth_statistik.TestRegression" name="test_artikel_public" time="0.051" /><testcase classname="tests.test_growth_statistik.TestRegression" name="test_resep_public" time="0.104" /></testsuite></testsuites>